<?xml version="1.0" encoding="UTF-8"?>
<testsuites name="MU-test" time="134.678" tests="5" failures="1" errors="0">
   <testsuite name="MU-test" tests="5" failures="1" errors="0" time="134.678" skipped="0" timestamp="2021-12-22 17:05:36" hostname="agata - DESKTOP-KI9905I" id="Test Suites/MU-test">
      <properties>
         <property name="deviceName" value=""/>
         <property name="devicePlatform" value=""/>
         <property name="logFolder" value="C:\\Users\\agata\\git\\PTSOWebKounikator\\Reports\\20211222_170530\\MU-test\\20211222_170530"/>
         <property name="logFiles" value="C:\\Users\\agata\\git\\PTSOWebKounikator\\Reports\\20211222_170530\\MU-test\\20211222_170530\\execution0.log"/>
         <property name="attachments" value="C:\\Users\\agata\\git\\PTSOWebKounikator\\Reports\\20211222_170530\\MU-test\\20211222_170530\\MU1.jpg, C:\\Users\\agata\\git\\PTSOWebKounikator\\Reports\\20211222_170530\\MU-test\\20211222_170530\\MU2.jpg, C:\\Users\\agata\\git\\PTSOWebKounikator\\Reports\\20211222_170530\\MU-test\\20211222_170530\\MU2_1.jpg, C:\\Users\\agata\\git\\PTSOWebKounikator\\Reports\\20211222_170530\\MU-test\\20211222_170530\\MU3.jpg, C:\\Users\\agata\\git\\PTSOWebKounikator\\Reports\\20211222_170530\\MU-test\\20211222_170530\\MU3_1.jpg, C:\\Users\\agata\\git\\PTSOWebKounikator\\Reports\\20211222_170530\\MU-test\\20211222_170530\\MU4.jpg, C:\\Users\\agata\\git\\PTSOWebKounikator\\Reports\\20211222_170530\\MU-test\\20211222_170530\\MU4_1.jpg, C:\\Users\\agata\\git\\PTSOWebKounikator\\Reports\\20211222_170530\\MU-test\\20211222_170530\\1640189270087.png, C:\\Users\\agata\\git\\PTSOWebKounikator\\Reports\\20211222_170530\\MU-test\\20211222_170530\\1640189270860.png"/>
         <property name="hostName" value="agata - DESKTOP-KI9905I"/>
         <property name="os" value="Windows 10 64bit"/>
         <property name="katalonVersion" value="8.2.0.208"/>
         <property name="browser" value="Firefox 95.0"/>
         <property name="hostAddress" value="192.168.3.3"/>
         <property name="sessionId" value="21e0170b-55e3-4a02-a185-44bdfe9ca6a5"/>
         <property name="seleniumVersion" value="3.141.59"/>
         <property name="proxyInformation" value="ProxyInformation { proxyOption=NO_PROXY, proxyServerType=HTTP, username=, password=********, proxyServerAddress=, proxyServerPort=0, executionList=&quot;&quot;, isApplyToDesiredCapabilities=true }"/>
         <property name="platform" value="Windows 10"/>
      </properties>
      <testcase name="Test Cases/Mapa uzytkownikow/MU1" time="21.777" classname="Test Cases/Mapa uzytkownikow/MU1" status="PASSED">
         <system-out><![CDATA[2021-12-22 17:05:37 - [TEST_CASE][PASSED] - Test Cases/Mapa uzytkownikow/MU1: Test Cases/Mapa uzytkownikow/MU1

2021-12-22 17:05:38 - [TEST_STEP][PASSED] - openBrowser(""): Browser is opened with url: ''

2021-12-22 17:05:39 - [MESSAGE][INFO] - Starting 'Firefox' driver

2021-12-22 17:05:39 - [MESSAGE][INFO] - Action delay is set to 0 milliseconds

2021-12-22 17:05:48 - [MESSAGE][PASSED] - Browser is opened with url: ''

2021-12-22 17:05:48 - [TEST_STEP][PASSED] - navigateToUrl("http://kmg.hcm.pl/testowanie/index.html"): Navigate to 'http://kmg.hcm.pl/testowanie/index.html' successfully

2021-12-22 17:05:49 - [MESSAGE][PASSED] - Navigate to 'http://kmg.hcm.pl/testowanie/index.html' successfully

2021-12-22 17:05:49 - [TEST_STEP][PASSED] - setText(findTestObject("Object Repository/Page_PSTO webMessenger/input_Zarejestruj konto_userLogin"), "Ameba1"): Text 'Ameba1' is set on object 'Object Repository/Page_PSTO webMessenger/input_Zarejestruj konto_userLogin'

2021-12-22 17:05:50 - [MESSAGE][PASSED] - Text 'Ameba1' is set on object 'Object Repository/Page_PSTO webMessenger/input_Zarejestruj konto_userLogin'

2021-12-22 17:05:50 - [TEST_STEP][PASSED] - setEncryptedText(findTestObject("Object Repository/Page_PSTO webMessenger/input_Zarejestruj konto_passwordLogin"), "myv0lBmsSyROlAcxYzyYyg=="): Text ****** has been set on object 'Object Repository/Page_PSTO webMessenger/input_Zarejestruj konto_passwordLogin'

2021-12-22 17:05:51 - [MESSAGE][PASSED] - Text ****** has been set on object 'Object Repository/Page_PSTO webMessenger/input_Zarejestruj konto_passwordLogin'

2021-12-22 17:05:51 - [TEST_STEP][PASSED] - click(findTestObject("Object Repository/Page_PSTO webMessenger/input_Zarejestruj konto_login")): Object: 'Object Repository/Page_PSTO webMessenger/input_Zarejestruj konto_login' is clicked on

2021-12-22 17:05:52 - [MESSAGE][PASSED] - Object: 'Object Repository/Page_PSTO webMessenger/input_Zarejestruj konto_login' is clicked on

2021-12-22 17:05:52 - [TEST_STEP][PASSED] - verifyElementPresent(findTestObject("Page_PSTO webMessenger - Zalogowano/i_MU"), 1): Object 'Object Repository/Page_PSTO webMessenger - Zalogowano/i_MU' is present

2021-12-22 17:05:52 - [MESSAGE][PASSED] - Object 'Object Repository/Page_PSTO webMessenger - Zalogowano/i_MU' is present

2021-12-22 17:05:52 - [TEST_STEP][PASSED] - click(findTestObject("Page_PSTO webMessenger - Zalogowano/i_MU")): Object: 'Object Repository/Page_PSTO webMessenger - Zalogowano/i_MU' is clicked on

2021-12-22 17:05:53 - [MESSAGE][PASSED] - Object: 'Object Repository/Page_PSTO webMessenger - Zalogowano/i_MU' is clicked on

2021-12-22 17:05:53 - [TEST_STEP][PASSED] - takeFullPageScreenshot("MU1.jpg"): Taking screenshot successfully

2021-12-22 17:05:56 - [MESSAGE][INFO] - 0 hidden object(s)

2021-12-22 17:05:57 - [MESSAGE][PASSED] - Taking screenshot successfully
[[ATTACHMENT|C:\\Users\\agata\\git\\PTSOWebKounikator\\Reports\\20211222_170530\\MU-test\\20211222_170530\\MU1.jpg]]

2021-12-22 17:05:57 - [TEST_STEP][PASSED] - closeBrowser(): Browser is closed

2021-12-22 17:05:59 - [MESSAGE][PASSED] - Browser is closed]]></system-out>
         <system-err><![CDATA[]]></system-err>
      </testcase>
      <testcase name="Test Cases/Mapa uzytkownikow/MU2" time="21.653" classname="Test Cases/Mapa uzytkownikow/MU2" status="PASSED">
         <system-out><![CDATA[2021-12-22 17:05:59 - [TEST_CASE][PASSED] - Test Cases/Mapa uzytkownikow/MU2: Test Cases/Mapa uzytkownikow/MU2

2021-12-22 17:06:00 - [TEST_STEP][PASSED] - openBrowser(""): Browser is opened with url: ''

2021-12-22 17:06:00 - [MESSAGE][INFO] - Starting 'Firefox' driver

2021-12-22 17:06:00 - [MESSAGE][INFO] - Action delay is set to 0 milliseconds

2021-12-22 17:06:06 - [MESSAGE][PASSED] - Browser is opened with url: ''

2021-12-22 17:06:06 - [TEST_STEP][PASSED] - navigateToUrl("http://kmg.hcm.pl/testowanie/index.html"): Navigate to 'http://kmg.hcm.pl/testowanie/index.html' successfully

2021-12-22 17:06:08 - [MESSAGE][PASSED] - Navigate to 'http://kmg.hcm.pl/testowanie/index.html' successfully

2021-12-22 17:06:08 - [TEST_STEP][PASSED] - setText(findTestObject("Object Repository/Page_PSTO webMessenger/input_Zarejestruj konto_userLogin"), "Ameba1"): Text 'Ameba1' is set on object 'Object Repository/Page_PSTO webMessenger/input_Zarejestruj konto_userLogin'

2021-12-22 17:06:08 - [MESSAGE][PASSED] - Text 'Ameba1' is set on object 'Object Repository/Page_PSTO webMessenger/input_Zarejestruj konto_userLogin'

2021-12-22 17:06:08 - [TEST_STEP][PASSED] - setEncryptedText(findTestObject("Object Repository/Page_PSTO webMessenger/input_Zarejestruj konto_passwordLogin"), "myv0lBmsSyROlAcxYzyYyg=="): Text ****** has been set on object 'Object Repository/Page_PSTO webMessenger/input_Zarejestruj konto_passwordLogin'

2021-12-22 17:06:09 - [MESSAGE][PASSED] - Text ****** has been set on object 'Object Repository/Page_PSTO webMessenger/input_Zarejestruj konto_passwordLogin'

2021-12-22 17:06:09 - [TEST_STEP][PASSED] - click(findTestObject("Object Repository/Page_PSTO webMessenger/input_Zarejestruj konto_login")): Object: 'Object Repository/Page_PSTO webMessenger/input_Zarejestruj konto_login' is clicked on

2021-12-22 17:06:10 - [MESSAGE][PASSED] - Object: 'Object Repository/Page_PSTO webMessenger/input_Zarejestruj konto_login' is clicked on

2021-12-22 17:06:10 - [TEST_STEP][PASSED] - click(findTestObject("Page_PSTO webMessenger - Zalogowano/i_MU")): Object: 'Object Repository/Page_PSTO webMessenger - Zalogowano/i_MU' is clicked on

2021-12-22 17:06:10 - [MESSAGE][PASSED] - Object: 'Object Repository/Page_PSTO webMessenger - Zalogowano/i_MU' is clicked on

2021-12-22 17:06:10 - [TEST_STEP][PASSED] - takeScreenshot("MU2.jpg"): Taking screenshot successfully

2021-12-22 17:06:14 - [MESSAGE][PASSED] - Taking screenshot successfully
[[ATTACHMENT|C:\\Users\\agata\\git\\PTSOWebKounikator\\Reports\\20211222_170530\\MU-test\\20211222_170530\\MU2.jpg]]

2021-12-22 17:06:14 - [TEST_STEP][PASSED] - click(findTestObject("Object Repository/Page_PSTO webMessenger - Zalogowano/button_witaj_gm-control-active")): Object: 'Object Repository/Page_PSTO webMessenger - Zalogowano/button_witaj_gm-control-active' is clicked on

2021-12-22 17:06:15 - [MESSAGE][PASSED] - Object: 'Object Repository/Page_PSTO webMessenger - Zalogowano/button_witaj_gm-control-active' is clicked on

2021-12-22 17:06:15 - [TEST_STEP][PASSED] - click(findTestObject("Object Repository/Page_PSTO webMessenger - Zalogowano/button_witaj_gm-control-active")): Object: 'Object Repository/Page_PSTO webMessenger - Zalogowano/button_witaj_gm-control-active' is clicked on

2021-12-22 17:06:16 - [MESSAGE][PASSED] - Object: 'Object Repository/Page_PSTO webMessenger - Zalogowano/button_witaj_gm-control-active' is clicked on

2021-12-22 17:06:16 - [TEST_STEP][PASSED] - click(findTestObject("Object Repository/Page_PSTO webMessenger - Zalogowano/button_witaj_gm-control-active")): Object: 'Object Repository/Page_PSTO webMessenger - Zalogowano/button_witaj_gm-control-active' is clicked on

2021-12-22 17:06:18 - [MESSAGE][PASSED] - Object: 'Object Repository/Page_PSTO webMessenger - Zalogowano/button_witaj_gm-control-active' is clicked on

2021-12-22 17:06:18 - [TEST_STEP][PASSED] - takeScreenshot("MU2_1.jpg"): Taking screenshot successfully

2021-12-22 17:06:19 - [MESSAGE][PASSED] - Taking screenshot successfully
[[ATTACHMENT|C:\\Users\\agata\\git\\PTSOWebKounikator\\Reports\\20211222_170530\\MU-test\\20211222_170530\\MU2_1.jpg]]

2021-12-22 17:06:19 - [TEST_STEP][PASSED] - closeBrowser(): Browser is closed

2021-12-22 17:06:21 - [MESSAGE][PASSED] - Browser is closed]]></system-out>
         <system-err><![CDATA[]]></system-err>
      </testcase>
      <testcase name="Test Cases/Mapa uzytkownikow/MU3" time="20.859" classname="Test Cases/Mapa uzytkownikow/MU3" status="PASSED">
         <system-out><![CDATA[2021-12-22 17:06:21 - [TEST_CASE][PASSED] - Test Cases/Mapa uzytkownikow/MU3: Test Cases/Mapa uzytkownikow/MU3

2021-12-22 17:06:21 - [TEST_STEP][PASSED] - openBrowser(""): Browser is opened with url: ''

2021-12-22 17:06:21 - [MESSAGE][INFO] - Starting 'Firefox' driver

2021-12-22 17:06:21 - [MESSAGE][INFO] - Action delay is set to 0 milliseconds

2021-12-22 17:06:28 - [MESSAGE][PASSED] - Browser is opened with url: ''

2021-12-22 17:06:28 - [TEST_STEP][PASSED] - navigateToUrl("http://kmg.hcm.pl/testowanie/index.html"): Navigate to 'http://kmg.hcm.pl/testowanie/index.html' successfully

2021-12-22 17:06:29 - [MESSAGE][PASSED] - Navigate to 'http://kmg.hcm.pl/testowanie/index.html' successfully

2021-12-22 17:06:29 - [TEST_STEP][PASSED] - setText(findTestObject("Object Repository/Page_PSTO webMessenger/input_Zarejestruj konto_userLogin"), "Ameba1"): Text 'Ameba1' is set on object 'Object Repository/Page_PSTO webMessenger/input_Zarejestruj konto_userLogin'

2021-12-22 17:06:30 - [MESSAGE][PASSED] - Text 'Ameba1' is set on object 'Object Repository/Page_PSTO webMessenger/input_Zarejestruj konto_userLogin'

2021-12-22 17:06:30 - [TEST_STEP][PASSED] - setEncryptedText(findTestObject("Object Repository/Page_PSTO webMessenger/input_Zarejestruj konto_passwordLogin"), "myv0lBmsSyROlAcxYzyYyg=="): Text ****** has been set on object 'Object Repository/Page_PSTO webMessenger/input_Zarejestruj konto_passwordLogin'

2021-12-22 17:06:30 - [MESSAGE][PASSED] - Text ****** has been set on object 'Object Repository/Page_PSTO webMessenger/input_Zarejestruj konto_passwordLogin'

2021-12-22 17:06:30 - [TEST_STEP][PASSED] - click(findTestObject("Object Repository/Page_PSTO webMessenger/input_Zarejestruj konto_login")): Object: 'Object Repository/Page_PSTO webMessenger/input_Zarejestruj konto_login' is clicked on

2021-12-22 17:06:31 - [MESSAGE][PASSED] - Object: 'Object Repository/Page_PSTO webMessenger/input_Zarejestruj konto_login' is clicked on

2021-12-22 17:06:31 - [TEST_STEP][PASSED] - click(findTestObject("Page_PSTO webMessenger - Zalogowano/i_MU")): Object: 'Object Repository/Page_PSTO webMessenger - Zalogowano/i_MU' is clicked on

2021-12-22 17:06:32 - [MESSAGE][PASSED] - Object: 'Object Repository/Page_PSTO webMessenger - Zalogowano/i_MU' is clicked on

2021-12-22 17:06:32 - [TEST_STEP][PASSED] - takeScreenshot("MU3.jpg"): Taking screenshot successfully

2021-12-22 17:06:35 - [MESSAGE][PASSED] - Taking screenshot successfully
[[ATTACHMENT|C:\\Users\\agata\\git\\PTSOWebKounikator\\Reports\\20211222_170530\\MU-test\\20211222_170530\\MU3.jpg]]

2021-12-22 17:06:35 - [TEST_STEP][PASSED] - click(findTestObject("Object Repository/Page_PSTO webMessenger - Zalogowano/button_witaj_gm-control-active")): Object: 'Object Repository/Page_PSTO webMessenger - Zalogowano/button_witaj_gm-control-active' is clicked on

2021-12-22 17:06:36 - [MESSAGE][PASSED] - Object: 'Object Repository/Page_PSTO webMessenger - Zalogowano/button_witaj_gm-control-active' is clicked on

2021-12-22 17:06:36 - [TEST_STEP][PASSED] - click(findTestObject("Object Repository/Page_PSTO webMessenger - Zalogowano/button_witaj_gm-control-active")): Object: 'Object Repository/Page_PSTO webMessenger - Zalogowano/button_witaj_gm-control-active' is clicked on

2021-12-22 17:06:37 - [MESSAGE][PASSED] - Object: 'Object Repository/Page_PSTO webMessenger - Zalogowano/button_witaj_gm-control-active' is clicked on

2021-12-22 17:06:37 - [TEST_STEP][PASSED] - click(findTestObject("Object Repository/Page_PSTO webMessenger - Zalogowano/button_witaj_gm-control-active")): Object: 'Object Repository/Page_PSTO webMessenger - Zalogowano/button_witaj_gm-control-active' is clicked on

2021-12-22 17:06:39 - [MESSAGE][PASSED] - Object: 'Object Repository/Page_PSTO webMessenger - Zalogowano/button_witaj_gm-control-active' is clicked on

2021-12-22 17:06:39 - [TEST_STEP][PASSED] - takeScreenshot("MU3_1.jpg"): Taking screenshot successfully

2021-12-22 17:06:40 - [MESSAGE][PASSED] - Taking screenshot successfully
[[ATTACHMENT|C:\\Users\\agata\\git\\PTSOWebKounikator\\Reports\\20211222_170530\\MU-test\\20211222_170530\\MU3_1.jpg]]

2021-12-22 17:06:40 - [TEST_STEP][PASSED] - closeBrowser(): Browser is closed

2021-12-22 17:06:41 - [MESSAGE][PASSED] - Browser is closed]]></system-out>
         <system-err><![CDATA[]]></system-err>
      </testcase>
      <testcase name="Test Cases/Mapa uzytkownikow/MU4" time="22.325" classname="Test Cases/Mapa uzytkownikow/MU4" status="PASSED">
         <system-out><![CDATA[2021-12-22 17:06:41 - [TEST_CASE][PASSED] - Test Cases/Mapa uzytkownikow/MU4: Test Cases/Mapa uzytkownikow/MU4

2021-12-22 17:06:42 - [TEST_STEP][PASSED] - openBrowser(""): Browser is opened with url: ''

2021-12-22 17:06:42 - [MESSAGE][INFO] - Starting 'Firefox' driver

2021-12-22 17:06:42 - [MESSAGE][INFO] - Action delay is set to 0 milliseconds

2021-12-22 17:06:49 - [MESSAGE][PASSED] - Browser is opened with url: ''

2021-12-22 17:06:49 - [TEST_STEP][PASSED] - navigateToUrl("http://kmg.hcm.pl/testowanie/index.html"): Navigate to 'http://kmg.hcm.pl/testowanie/index.html' successfully

2021-12-22 17:06:50 - [MESSAGE][PASSED] - Navigate to 'http://kmg.hcm.pl/testowanie/index.html' successfully

2021-12-22 17:06:50 - [TEST_STEP][PASSED] - setText(findTestObject("Object Repository/Page_PSTO webMessenger/input_Zarejestruj konto_userLogin"), "Ameba1"): Text 'Ameba1' is set on object 'Object Repository/Page_PSTO webMessenger/input_Zarejestruj konto_userLogin'

2021-12-22 17:06:51 - [MESSAGE][PASSED] - Text 'Ameba1' is set on object 'Object Repository/Page_PSTO webMessenger/input_Zarejestruj konto_userLogin'

2021-12-22 17:06:51 - [TEST_STEP][PASSED] - setEncryptedText(findTestObject("Object Repository/Page_PSTO webMessenger/input_Zarejestruj konto_passwordLogin"), "myv0lBmsSyROlAcxYzyYyg=="): Text ****** has been set on object 'Object Repository/Page_PSTO webMessenger/input_Zarejestruj konto_passwordLogin'

2021-12-22 17:06:51 - [MESSAGE][PASSED] - Text ****** has been set on object 'Object Repository/Page_PSTO webMessenger/input_Zarejestruj konto_passwordLogin'

2021-12-22 17:06:51 - [TEST_STEP][PASSED] - click(findTestObject("Object Repository/Page_PSTO webMessenger/input_Zarejestruj konto_login")): Object: 'Object Repository/Page_PSTO webMessenger/input_Zarejestruj konto_login' is clicked on

2021-12-22 17:06:52 - [MESSAGE][PASSED] - Object: 'Object Repository/Page_PSTO webMessenger/input_Zarejestruj konto_login' is clicked on

2021-12-22 17:06:52 - [TEST_STEP][PASSED] - click(findTestObject("Page_PSTO webMessenger - Zalogowano/i_MU")): Object: 'Object Repository/Page_PSTO webMessenger - Zalogowano/i_MU' is clicked on

2021-12-22 17:06:53 - [MESSAGE][PASSED] - Object: 'Object Repository/Page_PSTO webMessenger - Zalogowano/i_MU' is clicked on

2021-12-22 17:06:53 - [TEST_STEP][PASSED] - takeScreenshot("MU4.jpg"): Taking screenshot successfully

2021-12-22 17:06:56 - [MESSAGE][PASSED] - Taking screenshot successfully
[[ATTACHMENT|C:\\Users\\agata\\git\\PTSOWebKounikator\\Reports\\20211222_170530\\MU-test\\20211222_170530\\MU4.jpg]]

2021-12-22 17:06:56 - [TEST_STEP][PASSED] - click(findTestObject("Object Repository/Page_PSTO webMessenger - Zalogowano/div")): Object: 'Object Repository/Page_PSTO webMessenger - Zalogowano/div' is clicked on

2021-12-22 17:06:57 - [MESSAGE][PASSED] - Object: 'Object Repository/Page_PSTO webMessenger - Zalogowano/div' is clicked on

2021-12-22 17:06:57 - [TEST_STEP][PASSED] - click(findTestObject("Object Repository/Page_PSTO webMessenger - Zalogowano/div")): Object: 'Object Repository/Page_PSTO webMessenger - Zalogowano/div' is clicked on

2021-12-22 17:06:57 - [MESSAGE][PASSED] - Object: 'Object Repository/Page_PSTO webMessenger - Zalogowano/div' is clicked on

2021-12-22 17:06:57 - [TEST_STEP][PASSED] - click(findTestObject("Object Repository/Page_PSTO webMessenger - Zalogowano/div")): Object: 'Object Repository/Page_PSTO webMessenger - Zalogowano/div' is clicked on

2021-12-22 17:06:58 - [MESSAGE][PASSED] - Object: 'Object Repository/Page_PSTO webMessenger - Zalogowano/div' is clicked on

2021-12-22 17:06:58 - [TEST_STEP][PASSED] - click(findTestObject("Object Repository/Page_PSTO webMessenger - Zalogowano/div")): Object: 'Object Repository/Page_PSTO webMessenger - Zalogowano/div' is clicked on

2021-12-22 17:06:59 - [MESSAGE][PASSED] - Object: 'Object Repository/Page_PSTO webMessenger - Zalogowano/div' is clicked on

2021-12-22 17:06:59 - [TEST_STEP][PASSED] - click(findTestObject("Object Repository/Page_PSTO webMessenger - Zalogowano/div")): Object: 'Object Repository/Page_PSTO webMessenger - Zalogowano/div' is clicked on

2021-12-22 17:06:59 - [MESSAGE][PASSED] - Object: 'Object Repository/Page_PSTO webMessenger - Zalogowano/div' is clicked on

2021-12-22 17:06:59 - [TEST_STEP][PASSED] - click(findTestObject("Object Repository/Page_PSTO webMessenger - Zalogowano/div")): Object: 'Object Repository/Page_PSTO webMessenger - Zalogowano/div' is clicked on

2021-12-22 17:07:00 - [MESSAGE][PASSED] - Object: 'Object Repository/Page_PSTO webMessenger - Zalogowano/div' is clicked on

2021-12-22 17:07:00 - [TEST_STEP][PASSED] - click(findTestObject("Object Repository/Page_PSTO webMessenger - Zalogowano/div")): Object: 'Object Repository/Page_PSTO webMessenger - Zalogowano/div' is clicked on

2021-12-22 17:07:01 - [MESSAGE][PASSED] - Object: 'Object Repository/Page_PSTO webMessenger - Zalogowano/div' is clicked on

2021-12-22 17:07:01 - [TEST_STEP][PASSED] - click(findTestObject("Object Repository/Page_PSTO webMessenger - Zalogowano/div")): Object: 'Object Repository/Page_PSTO webMessenger - Zalogowano/div' is clicked on

2021-12-22 17:07:01 - [MESSAGE][PASSED] - Object: 'Object Repository/Page_PSTO webMessenger - Zalogowano/div' is clicked on

2021-12-22 17:07:01 - [TEST_STEP][PASSED] - takeScreenshot("MU4_1.jpg"): Taking screenshot successfully

2021-12-22 17:07:02 - [MESSAGE][PASSED] - Taking screenshot successfully
[[ATTACHMENT|C:\\Users\\agata\\git\\PTSOWebKounikator\\Reports\\20211222_170530\\MU-test\\20211222_170530\\MU4_1.jpg]]

2021-12-22 17:07:02 - [TEST_STEP][PASSED] - closeBrowser(): Browser is closed

2021-12-22 17:07:04 - [MESSAGE][PASSED] - Browser is closed]]></system-out>
         <system-err><![CDATA[]]></system-err>
      </testcase>
      <testcase name="Test Cases/Mapa uzytkownikow/MU5" time="47.332" classname="Test Cases/Mapa uzytkownikow/MU5" status="FAILED">
         <failure type="FAILED" message="Test Cases/Mapa uzytkownikow/MU5 FAILED.
Reason:
com.kms.katalon.core.exception.StepFailedException: Verify element text of test object 'Object Repository/Page_PSTO webMessenger - Zalogowano/h1_Agata Pazur' FAILED.
	at com.kms.katalon.core.webui.keyword.internal.WebUIKeywordMain.stepFailed(WebUIKeywordMain.groovy:64)
	at com.kms.katalon.core.webui.keyword.internal.WebUIKeywordMain.runKeyword(WebUIKeywordMain.groovy:26)
	at com.kms.katalon.core.webui.keyword.builtin.VerifyElementTextKeyword.verifyElementText(VerifyElementTextKeyword.groovy:72)
	at com.kms.katalon.core.webui.keyword.builtin.VerifyElementTextKeyword.execute(VerifyElementTextKeyword.groovy:40)
	at com.kms.katalon.core.keyword.internal.KeywordExecutor.executeKeywordForPlatform(KeywordExecutor.groovy:74)
	at com.kms.katalon.core.webui.keyword.WebUiBuiltInKeywords.verifyElementText(WebUiBuiltInKeywords.groovy:4749)
	at com.kms.katalon.core.webui.keyword.WebUiBuiltInKeywords$verifyElementText$8.call(Unknown Source)
	at MU5.run(MU5:37)
	at com.kms.katalon.core.main.ScriptEngine.run(ScriptEngine.java:194)
	at com.kms.katalon.core.main.ScriptEngine.runScriptAsRawText(ScriptEngine.java:119)
	at com.kms.katalon.core.main.TestCaseExecutor.runScript(TestCaseExecutor.java:442)
	at com.kms.katalon.core.main.TestCaseExecutor.doExecute(TestCaseExecutor.java:433)
	at com.kms.katalon.core.main.TestCaseExecutor.processExecutionPhase(TestCaseExecutor.java:412)
	at com.kms.katalon.core.main.TestCaseExecutor.accessMainPhase(TestCaseExecutor.java:404)
	at com.kms.katalon.core.main.TestCaseExecutor.execute(TestCaseExecutor.java:281)
	at com.kms.katalon.core.main.TestSuiteExecutor.accessTestCaseMainPhase(TestSuiteExecutor.java:202)
	at com.kms.katalon.core.main.TestSuiteExecutor.accessTestSuiteMainPhase(TestSuiteExecutor.java:164)
	at com.kms.katalon.core.main.TestSuiteExecutor.execute(TestSuiteExecutor.java:105)
	at com.kms.katalon.core.main.TestCaseMain.startTestSuite(TestCaseMain.java:181)
	at com.kms.katalon.core.main.TestCaseMain$startTestSuite$0.call(Unknown Source)
	at TempTestSuite1640189130906.run(TempTestSuite1640189130906.groovy:36)
Caused by: com.kms.katalon.core.exception.StepFailedException: com.kms.katalon.core.webui.exception.WebElementNotFoundException: Web element with id: 'Object Repository/Page_PSTO webMessenger - Zalogowano/h1_Agata Pazur' located by '//div[@id='mapDiv']/div/div/div[2]/div[2]/div/div[4]/div/div/div/div/div/div/h1' not found
	at com.kms.katalon.core.webui.keyword.internal.WebUIKeywordMain.stepFailed(WebUIKeywordMain.groovy:64)
	at com.kms.katalon.core.webui.keyword.builtin.VerifyElementTextKeyword$_verifyElementText_closure1.doCall(VerifyElementTextKeyword.groovy:64)
	at com.kms.katalon.core.webui.keyword.builtin.VerifyElementTextKeyword$_verifyElementText_closure1.call(VerifyElementTextKeyword.groovy)
	at com.kms.katalon.core.webui.keyword.internal.WebUIKeywordMain.runKeyword(WebUIKeywordMain.groovy:20)
	... 19 more
"/>
         <system-out><![CDATA[2021-12-22 17:07:04 - [TEST_CASE][FAILED] - Test Cases/Mapa uzytkownikow/MU5: Test Cases/Mapa uzytkownikow/MU5 FAILED.
Reason:
com.kms.katalon.core.exception.StepFailedException: Verify element text of test object 'Object Repository/Page_PSTO webMessenger - Zalogowano/h1_Agata Pazur' FAILED.
	at com.kms.katalon.core.webui.keyword.internal.WebUIKeywordMain.stepFailed(WebUIKeywordMain.groovy:64)
	at com.kms.katalon.core.webui.keyword.internal.WebUIKeywordMain.runKeyword(WebUIKeywordMain.groovy:26)
	at com.kms.katalon.core.webui.keyword.builtin.VerifyElementTextKeyword.verifyElementText(VerifyElementTextKeyword.groovy:72)
	at com.kms.katalon.core.webui.keyword.builtin.VerifyElementTextKeyword.execute(VerifyElementTextKeyword.groovy:40)
	at com.kms.katalon.core.keyword.internal.KeywordExecutor.executeKeywordForPlatform(KeywordExecutor.groovy:74)
	at com.kms.katalon.core.webui.keyword.WebUiBuiltInKeywords.verifyElementText(WebUiBuiltInKeywords.groovy:4749)
	at com.kms.katalon.core.webui.keyword.WebUiBuiltInKeywords$verifyElementText$8.call(Unknown Source)
	at MU5.run(MU5:37)
	at com.kms.katalon.core.main.ScriptEngine.run(ScriptEngine.java:194)
	at com.kms.katalon.core.main.ScriptEngine.runScriptAsRawText(ScriptEngine.java:119)
	at com.kms.katalon.core.main.TestCaseExecutor.runScript(TestCaseExecutor.java:442)
	at com.kms.katalon.core.main.TestCaseExecutor.doExecute(TestCaseExecutor.java:433)
	at com.kms.katalon.core.main.TestCaseExecutor.processExecutionPhase(TestCaseExecutor.java:412)
	at com.kms.katalon.core.main.TestCaseExecutor.accessMainPhase(TestCaseExecutor.java:404)
	at com.kms.katalon.core.main.TestCaseExecutor.execute(TestCaseExecutor.java:281)
	at com.kms.katalon.core.main.TestSuiteExecutor.accessTestCaseMainPhase(TestSuiteExecutor.java:202)
	at com.kms.katalon.core.main.TestSuiteExecutor.accessTestSuiteMainPhase(TestSuiteExecutor.java:164)
	at com.kms.katalon.core.main.TestSuiteExecutor.execute(TestSuiteExecutor.java:105)
	at com.kms.katalon.core.main.TestCaseMain.startTestSuite(TestCaseMain.java:181)
	at com.kms.katalon.core.main.TestCaseMain$startTestSuite$0.call(Unknown Source)
	at TempTestSuite1640189130906.run(TempTestSuite1640189130906.groovy:36)
Caused by: com.kms.katalon.core.exception.StepFailedException: com.kms.katalon.core.webui.exception.WebElementNotFoundException: Web element with id: 'Object Repository/Page_PSTO webMessenger - Zalogowano/h1_Agata Pazur' located by '//div[@id='mapDiv']/div/div/div[2]/div[2]/div/div[4]/div/div/div/div/div/div/h1' not found
	at com.kms.katalon.core.webui.keyword.internal.WebUIKeywordMain.stepFailed(WebUIKeywordMain.groovy:64)
	at com.kms.katalon.core.webui.keyword.builtin.VerifyElementTextKeyword$_verifyElementText_closure1.doCall(VerifyElementTextKeyword.groovy:64)
	at com.kms.katalon.core.webui.keyword.builtin.VerifyElementTextKeyword$_verifyElementText_closure1.call(VerifyElementTextKeyword.groovy)
	at com.kms.katalon.core.webui.keyword.internal.WebUIKeywordMain.runKeyword(WebUIKeywordMain.groovy:20)
	... 19 more


2021-12-22 17:07:05 - [TEST_STEP][PASSED] - openBrowser(""): Browser is opened with url: ''

2021-12-22 17:07:05 - [MESSAGE][INFO] - Starting 'Firefox' driver

2021-12-22 17:07:05 - [MESSAGE][INFO] - Action delay is set to 0 milliseconds

2021-12-22 17:07:11 - [MESSAGE][PASSED] - Browser is opened with url: ''

2021-12-22 17:07:11 - [TEST_STEP][PASSED] - navigateToUrl("http://kmg.hcm.pl/testowanie/index.html"): Navigate to 'http://kmg.hcm.pl/testowanie/index.html' successfully

2021-12-22 17:07:12 - [MESSAGE][PASSED] - Navigate to 'http://kmg.hcm.pl/testowanie/index.html' successfully

2021-12-22 17:07:12 - [TEST_STEP][PASSED] - setText(findTestObject("Object Repository/Page_PSTO webMessenger/input_Zarejestruj konto_userLogin"), "Ameba2"): Text 'Ameba2' is set on object 'Object Repository/Page_PSTO webMessenger/input_Zarejestruj konto_userLogin'

2021-12-22 17:07:13 - [MESSAGE][PASSED] - Text 'Ameba2' is set on object 'Object Repository/Page_PSTO webMessenger/input_Zarejestruj konto_userLogin'

2021-12-22 17:07:13 - [TEST_STEP][PASSED] - setEncryptedText(findTestObject("Object Repository/Page_PSTO webMessenger/input_Zarejestruj konto_passwordLogin"), "myv0lBmsSyT1Gjw3iFsd+w=="): Text ****** has been set on object 'Object Repository/Page_PSTO webMessenger/input_Zarejestruj konto_passwordLogin'

2021-12-22 17:07:13 - [MESSAGE][PASSED] - Text ****** has been set on object 'Object Repository/Page_PSTO webMessenger/input_Zarejestruj konto_passwordLogin'

2021-12-22 17:07:13 - [TEST_STEP][PASSED] - click(findTestObject("Object Repository/Page_PSTO webMessenger/input_Zarejestruj konto_login")): Object: 'Object Repository/Page_PSTO webMessenger/input_Zarejestruj konto_login' is clicked on

2021-12-22 17:07:14 - [MESSAGE][PASSED] - Object: 'Object Repository/Page_PSTO webMessenger/input_Zarejestruj konto_login' is clicked on

2021-12-22 17:07:14 - [TEST_STEP][PASSED] - click(findTestObject("Object Repository/Page_PSTO webMessenger - Zalogowano/i_MU")): Object: 'Object Repository/Page_PSTO webMessenger - Zalogowano/i_MU' is clicked on

2021-12-22 17:07:15 - [MESSAGE][PASSED] - Object: 'Object Repository/Page_PSTO webMessenger - Zalogowano/i_MU' is clicked on

2021-12-22 17:07:15 - [TEST_STEP][PASSED] - click(findTestObject("Object Repository/Page_PSTO webMessenger - Zalogowano/div")): Object: 'Object Repository/Page_PSTO webMessenger - Zalogowano/div' is clicked on

2021-12-22 17:07:18 - [MESSAGE][PASSED] - Object: 'Object Repository/Page_PSTO webMessenger - Zalogowano/div' is clicked on

2021-12-22 17:07:18 - [TEST_STEP][PASSED] - click(findTestObject("Object Repository/Page_PSTO webMessenger - Zalogowano/div")): Object: 'Object Repository/Page_PSTO webMessenger - Zalogowano/div' is clicked on

2021-12-22 17:07:18 - [MESSAGE][PASSED] - Object: 'Object Repository/Page_PSTO webMessenger - Zalogowano/div' is clicked on

2021-12-22 17:07:18 - [TEST_STEP][FAILED] - verifyElementText(findTestObject("Object Repository/Page_PSTO webMessenger - Zalogowano/h1_Agata Pazur"), "Agata Pazur"): Verify element text of test object 'Object Repository/Page_PSTO webMessenger - Zalogowano/h1_Agata Pazur' FAILED. (Root cause: com.kms.katalon.core.exception.StepFailedException: Verify element text of test object 'Object Repository/Page_PSTO webMessenger - Zalogowano/h1_Agata Pazur' FAILED.
	at com.kms.katalon.core.webui.keyword.internal.WebUIKeywordMain.stepFailed(WebUIKeywordMain.groovy:64)
	at com.kms.katalon.core.webui.keyword.internal.WebUIKeywordMain.runKeyword(WebUIKeywordMain.groovy:26)
	at com.kms.katalon.core.webui.keyword.builtin.VerifyElementTextKeyword.verifyElementText(VerifyElementTextKeyword.groovy:72)
	at com.kms.katalon.core.webui.keyword.builtin.VerifyElementTextKeyword.execute(VerifyElementTextKeyword.groovy:40)
	at com.kms.katalon.core.keyword.internal.KeywordExecutor.executeKeywordForPlatform(KeywordExecutor.groovy:74)
	at com.kms.katalon.core.webui.keyword.WebUiBuiltInKeywords.verifyElementText(WebUiBuiltInKeywords.groovy:4749)
	at com.kms.katalon.core.webui.keyword.WebUiBuiltInKeywords$verifyElementText$8.call(Unknown Source)
	at MU5.run(MU5:37)
	at com.kms.katalon.core.main.ScriptEngine.run(ScriptEngine.java:194)
	at com.kms.katalon.core.main.ScriptEngine.runScriptAsRawText(ScriptEngine.java:119)
	at com.kms.katalon.core.main.TestCaseExecutor.runScript(TestCaseExecutor.java:442)
	at com.kms.katalon.core.main.TestCaseExecutor.doExecute(TestCaseExecutor.java:433)
	at com.kms.katalon.core.main.TestCaseExecutor.processExecutionPhase(TestCaseExecutor.java:412)
	at com.kms.katalon.core.main.TestCaseExecutor.accessMainPhase(TestCaseExecutor.java:404)
	at com.kms.katalon.core.main.TestCaseExecutor.execute(TestCaseExecutor.java:281)
	at com.kms.katalon.core.main.TestSuiteExecutor.accessTestCaseMainPhase(TestSuiteExecutor.java:202)
	at com.kms.katalon.core.main.TestSuiteExecutor.accessTestSuiteMainPhase(TestSuiteExecutor.java:164)
	at com.kms.katalon.core.main.TestSuiteExecutor.execute(TestSuiteExecutor.java:105)
	at com.kms.katalon.core.main.TestCaseMain.startTestSuite(TestCaseMain.java:181)
	at com.kms.katalon.core.main.TestCaseMain$startTestSuite$0.call(Unknown Source)
	at TempTestSuite1640189130906.run(TempTestSuite1640189130906.groovy:36)
Caused by: com.kms.katalon.core.exception.StepFailedException: com.kms.katalon.core.webui.exception.WebElementNotFoundException: Web element with id: 'Object Repository/Page_PSTO webMessenger - Zalogowano/h1_Agata Pazur' located by '//div[@id='mapDiv']/div/div/div[2]/div[2]/div/div[4]/div/div/div/div/div/div/h1' not found
	at com.kms.katalon.core.webui.keyword.internal.WebUIKeywordMain.stepFailed(WebUIKeywordMain.groovy:64)
	at com.kms.katalon.core.webui.keyword.builtin.VerifyElementTextKeyword$_verifyElementText_closure1.doCall(VerifyElementTextKeyword.groovy:64)
	at com.kms.katalon.core.webui.keyword.builtin.VerifyElementTextKeyword$_verifyElementText_closure1.call(VerifyElementTextKeyword.groovy)
	at com.kms.katalon.core.webui.keyword.internal.WebUIKeywordMain.runKeyword(WebUIKeywordMain.groovy:20)
	... 19 more
)

2021-12-22 17:07:50 - [MESSAGE][INFO] - Unable to find the element located by 'By.xpath: //div[@id='mapDiv']/div/div/div[2]/div[2]/div/div[4]/div/div/div/div/div/div/h1'. Please recheck the objects properties to make sure the desired element is located. 

2021-12-22 17:07:50 - [MESSAGE][FAILED] - com.kms.katalon.core.webui.exception.WebElementNotFoundException: Web element with id: 'Object Repository/Page_PSTO webMessenger - Zalogowano/h1_Agata Pazur' located by '//div[@id='mapDiv']/div/div/div[2]/div[2]/div/div[4]/div/div/div/div/div/div/h1' not found (Root cause: com.kms.katalon.core.exception.StepFailedException: com.kms.katalon.core.webui.exception.WebElementNotFoundException: Web element with id: 'Object Repository/Page_PSTO webMessenger - Zalogowano/h1_Agata Pazur' located by '//div[@id='mapDiv']/div/div/div[2]/div[2]/div/div[4]/div/div/div/div/div/div/h1' not found
	at com.kms.katalon.core.webui.keyword.internal.WebUIKeywordMain.stepFailed(WebUIKeywordMain.groovy:64)
	at com.kms.katalon.core.webui.keyword.builtin.VerifyElementTextKeyword$_verifyElementText_closure1.doCall(VerifyElementTextKeyword.groovy:64)
	at com.kms.katalon.core.webui.keyword.builtin.VerifyElementTextKeyword$_verifyElementText_closure1.call(VerifyElementTextKeyword.groovy)
	at com.kms.katalon.core.webui.keyword.internal.WebUIKeywordMain.runKeyword(WebUIKeywordMain.groovy:20)
	at com.kms.katalon.core.webui.keyword.builtin.VerifyElementTextKeyword.verifyElementText(VerifyElementTextKeyword.groovy:72)
	at com.kms.katalon.core.webui.keyword.builtin.VerifyElementTextKeyword.execute(VerifyElementTextKeyword.groovy:40)
	at com.kms.katalon.core.keyword.internal.KeywordExecutor.executeKeywordForPlatform(KeywordExecutor.groovy:74)
	at com.kms.katalon.core.webui.keyword.WebUiBuiltInKeywords.verifyElementText(WebUiBuiltInKeywords.groovy:4749)
	at com.kms.katalon.core.webui.keyword.WebUiBuiltInKeywords$verifyElementText$8.call(Unknown Source)
	at MU5.run(MU5:37)
	at com.kms.katalon.core.main.ScriptEngine.run(ScriptEngine.java:194)
	at com.kms.katalon.core.main.ScriptEngine.runScriptAsRawText(ScriptEngine.java:119)
	at com.kms.katalon.core.main.TestCaseExecutor.runScript(TestCaseExecutor.java:442)
	at com.kms.katalon.core.main.TestCaseExecutor.doExecute(TestCaseExecutor.java:433)
	at com.kms.katalon.core.main.TestCaseExecutor.processExecutionPhase(TestCaseExecutor.java:412)
	at com.kms.katalon.core.main.TestCaseExecutor.accessMainPhase(TestCaseExecutor.java:404)
	at com.kms.katalon.core.main.TestCaseExecutor.execute(TestCaseExecutor.java:281)
	at com.kms.katalon.core.main.TestSuiteExecutor.accessTestCaseMainPhase(TestSuiteExecutor.java:202)
	at com.kms.katalon.core.main.TestSuiteExecutor.accessTestSuiteMainPhase(TestSuiteExecutor.java:164)
	at com.kms.katalon.core.main.TestSuiteExecutor.execute(TestSuiteExecutor.java:105)
	at com.kms.katalon.core.main.TestCaseMain.startTestSuite(TestCaseMain.java:181)
	at com.kms.katalon.core.main.TestCaseMain$startTestSuite$0.call(Unknown Source)
	at TempTestSuite1640189130906.run(TempTestSuite1640189130906.groovy:36)
)
[[ATTACHMENT|C:\\Users\\agata\\git\\PTSOWebKounikator\\Reports\\20211222_170530\\MU-test\\20211222_170530\\1640189270087.png]]

2021-12-22 17:07:51 - [MESSAGE][FAILED] - Verify element text of test object 'Object Repository/Page_PSTO webMessenger - Zalogowano/h1_Agata Pazur' FAILED. (Root cause: com.kms.katalon.core.exception.StepFailedException: Verify element text of test object 'Object Repository/Page_PSTO webMessenger - Zalogowano/h1_Agata Pazur' FAILED.
	at com.kms.katalon.core.webui.keyword.internal.WebUIKeywordMain.stepFailed(WebUIKeywordMain.groovy:64)
	at com.kms.katalon.core.webui.keyword.internal.WebUIKeywordMain.runKeyword(WebUIKeywordMain.groovy:26)
	at com.kms.katalon.core.webui.keyword.builtin.VerifyElementTextKeyword.verifyElementText(VerifyElementTextKeyword.groovy:72)
	at com.kms.katalon.core.webui.keyword.builtin.VerifyElementTextKeyword.execute(VerifyElementTextKeyword.groovy:40)
	at com.kms.katalon.core.keyword.internal.KeywordExecutor.executeKeywordForPlatform(KeywordExecutor.groovy:74)
	at com.kms.katalon.core.webui.keyword.WebUiBuiltInKeywords.verifyElementText(WebUiBuiltInKeywords.groovy:4749)
	at com.kms.katalon.core.webui.keyword.WebUiBuiltInKeywords$verifyElementText$8.call(Unknown Source)
	at MU5.run(MU5:37)
	at com.kms.katalon.core.main.ScriptEngine.run(ScriptEngine.java:194)
	at com.kms.katalon.core.main.ScriptEngine.runScriptAsRawText(ScriptEngine.java:119)
	at com.kms.katalon.core.main.TestCaseExecutor.runScript(TestCaseExecutor.java:442)
	at com.kms.katalon.core.main.TestCaseExecutor.doExecute(TestCaseExecutor.java:433)
	at com.kms.katalon.core.main.TestCaseExecutor.processExecutionPhase(TestCaseExecutor.java:412)
	at com.kms.katalon.core.main.TestCaseExecutor.accessMainPhase(TestCaseExecutor.java:404)
	at com.kms.katalon.core.main.TestCaseExecutor.execute(TestCaseExecutor.java:281)
	at com.kms.katalon.core.main.TestSuiteExecutor.accessTestCaseMainPhase(TestSuiteExecutor.java:202)
	at com.kms.katalon.core.main.TestSuiteExecutor.accessTestSuiteMainPhase(TestSuiteExecutor.java:164)
	at com.kms.katalon.core.main.TestSuiteExecutor.execute(TestSuiteExecutor.java:105)
	at com.kms.katalon.core.main.TestCaseMain.startTestSuite(TestCaseMain.java:181)
	at com.kms.katalon.core.main.TestCaseMain$startTestSuite$0.call(Unknown Source)
	at TempTestSuite1640189130906.run(TempTestSuite1640189130906.groovy:36)
Caused by: com.kms.katalon.core.exception.StepFailedException: com.kms.katalon.core.webui.exception.WebElementNotFoundException: Web element with id: 'Object Repository/Page_PSTO webMessenger - Zalogowano/h1_Agata Pazur' located by '//div[@id='mapDiv']/div/div/div[2]/div[2]/div/div[4]/div/div/div/div/div/div/h1' not found
	at com.kms.katalon.core.webui.keyword.internal.WebUIKeywordMain.stepFailed(WebUIKeywordMain.groovy:64)
	at com.kms.katalon.core.webui.keyword.builtin.VerifyElementTextKeyword$_verifyElementText_closure1.doCall(VerifyElementTextKeyword.groovy:64)
	at com.kms.katalon.core.webui.keyword.builtin.VerifyElementTextKeyword$_verifyElementText_closure1.call(VerifyElementTextKeyword.groovy)
	at com.kms.katalon.core.webui.keyword.internal.WebUIKeywordMain.runKeyword(WebUIKeywordMain.groovy:20)
	... 19 more
)
[[ATTACHMENT|C:\\Users\\agata\\git\\PTSOWebKounikator\\Reports\\20211222_170530\\MU-test\\20211222_170530\\1640189270860.png]]]]></system-out>
         <system-err><![CDATA[2021-12-22 17:07:04 - [TEST_CASE][FAILED] - Test Cases/Mapa uzytkownikow/MU5: Test Cases/Mapa uzytkownikow/MU5 FAILED.
Reason:
com.kms.katalon.core.exception.StepFailedException: Verify element text of test object 'Object Repository/Page_PSTO webMessenger - Zalogowano/h1_Agata Pazur' FAILED.
	at com.kms.katalon.core.webui.keyword.internal.WebUIKeywordMain.stepFailed(WebUIKeywordMain.groovy:64)
	at com.kms.katalon.core.webui.keyword.internal.WebUIKeywordMain.runKeyword(WebUIKeywordMain.groovy:26)
	at com.kms.katalon.core.webui.keyword.builtin.VerifyElementTextKeyword.verifyElementText(VerifyElementTextKeyword.groovy:72)
	at com.kms.katalon.core.webui.keyword.builtin.VerifyElementTextKeyword.execute(VerifyElementTextKeyword.groovy:40)
	at com.kms.katalon.core.keyword.internal.KeywordExecutor.executeKeywordForPlatform(KeywordExecutor.groovy:74)
	at com.kms.katalon.core.webui.keyword.WebUiBuiltInKeywords.verifyElementText(WebUiBuiltInKeywords.groovy:4749)
	at com.kms.katalon.core.webui.keyword.WebUiBuiltInKeywords$verifyElementText$8.call(Unknown Source)
	at MU5.run(MU5:37)
	at com.kms.katalon.core.main.ScriptEngine.run(ScriptEngine.java:194)
	at com.kms.katalon.core.main.ScriptEngine.runScriptAsRawText(ScriptEngine.java:119)
	at com.kms.katalon.core.main.TestCaseExecutor.runScript(TestCaseExecutor.java:442)
	at com.kms.katalon.core.main.TestCaseExecutor.doExecute(TestCaseExecutor.java:433)
	at com.kms.katalon.core.main.TestCaseExecutor.processExecutionPhase(TestCaseExecutor.java:412)
	at com.kms.katalon.core.main.TestCaseExecutor.accessMainPhase(TestCaseExecutor.java:404)
	at com.kms.katalon.core.main.TestCaseExecutor.execute(TestCaseExecutor.java:281)
	at com.kms.katalon.core.main.TestSuiteExecutor.accessTestCaseMainPhase(TestSuiteExecutor.java:202)
	at com.kms.katalon.core.main.TestSuiteExecutor.accessTestSuiteMainPhase(TestSuiteExecutor.java:164)
	at com.kms.katalon.core.main.TestSuiteExecutor.execute(TestSuiteExecutor.java:105)
	at com.kms.katalon.core.main.TestCaseMain.startTestSuite(TestCaseMain.java:181)
	at com.kms.katalon.core.main.TestCaseMain$startTestSuite$0.call(Unknown Source)
	at TempTestSuite1640189130906.run(TempTestSuite1640189130906.groovy:36)
Caused by: com.kms.katalon.core.exception.StepFailedException: com.kms.katalon.core.webui.exception.WebElementNotFoundException: Web element with id: 'Object Repository/Page_PSTO webMessenger - Zalogowano/h1_Agata Pazur' located by '//div[@id='mapDiv']/div/div/div[2]/div[2]/div/div[4]/div/div/div/div/div/div/h1' not found
	at com.kms.katalon.core.webui.keyword.internal.WebUIKeywordMain.stepFailed(WebUIKeywordMain.groovy:64)
	at com.kms.katalon.core.webui.keyword.builtin.VerifyElementTextKeyword$_verifyElementText_closure1.doCall(VerifyElementTextKeyword.groovy:64)
	at com.kms.katalon.core.webui.keyword.builtin.VerifyElementTextKeyword$_verifyElementText_closure1.call(VerifyElementTextKeyword.groovy)
	at com.kms.katalon.core.webui.keyword.internal.WebUIKeywordMain.runKeyword(WebUIKeywordMain.groovy:20)
	... 19 more]]></system-err>
      </testcase>
      <system-out><![CDATA[2021-12-22 17:05:36 - [TEST_SUITE][FAILED] - MU-test: Test Cases/Mapa uzytkownikow/MU5 FAILED.
Reason:
com.kms.katalon.core.exception.StepFailedException: Verify element text of test object 'Object Repository/Page_PSTO webMessenger - Zalogowano/h1_Agata Pazur' FAILED.
	at com.kms.katalon.core.webui.keyword.internal.WebUIKeywordMain.stepFailed(WebUIKeywordMain.groovy:64)
	at com.kms.katalon.core.webui.keyword.internal.WebUIKeywordMain.runKeyword(WebUIKeywordMain.groovy:26)
	at com.kms.katalon.core.webui.keyword.builtin.VerifyElementTextKeyword.verifyElementText(VerifyElementTextKeyword.groovy:72)
	at com.kms.katalon.core.webui.keyword.builtin.VerifyElementTextKeyword.execute(VerifyElementTextKeyword.groovy:40)
	at com.kms.katalon.core.keyword.internal.KeywordExecutor.executeKeywordForPlatform(KeywordExecutor.groovy:74)
	at com.kms.katalon.core.webui.keyword.WebUiBuiltInKeywords.verifyElementText(WebUiBuiltInKeywords.groovy:4749)
	at com.kms.katalon.core.webui.keyword.WebUiBuiltInKeywords$verifyElementText$8.call(Unknown Source)
	at MU5.run(MU5:37)
	at com.kms.katalon.core.main.ScriptEngine.run(ScriptEngine.java:194)
	at com.kms.katalon.core.main.ScriptEngine.runScriptAsRawText(ScriptEngine.java:119)
	at com.kms.katalon.core.main.TestCaseExecutor.runScript(TestCaseExecutor.java:442)
	at com.kms.katalon.core.main.TestCaseExecutor.doExecute(TestCaseExecutor.java:433)
	at com.kms.katalon.core.main.TestCaseExecutor.processExecutionPhase(TestCaseExecutor.java:412)
	at com.kms.katalon.core.main.TestCaseExecutor.accessMainPhase(TestCaseExecutor.java:404)
	at com.kms.katalon.core.main.TestCaseExecutor.execute(TestCaseExecutor.java:281)
	at com.kms.katalon.core.main.TestSuiteExecutor.accessTestCaseMainPhase(TestSuiteExecutor.java:202)
	at com.kms.katalon.core.main.TestSuiteExecutor.accessTestSuiteMainPhase(TestSuiteExecutor.java:164)
	at com.kms.katalon.core.main.TestSuiteExecutor.execute(TestSuiteExecutor.java:105)
	at com.kms.katalon.core.main.TestCaseMain.startTestSuite(TestCaseMain.java:181)
	at com.kms.katalon.core.main.TestCaseMain$startTestSuite$0.call(Unknown Source)
	at TempTestSuite1640189130906.run(TempTestSuite1640189130906.groovy:36)
Caused by: com.kms.katalon.core.exception.StepFailedException: com.kms.katalon.core.webui.exception.WebElementNotFoundException: Web element with id: 'Object Repository/Page_PSTO webMessenger - Zalogowano/h1_Agata Pazur' located by '//div[@id='mapDiv']/div/div/div[2]/div[2]/div/div[4]/div/div/div/div/div/div/h1' not found
	at com.kms.katalon.core.webui.keyword.internal.WebUIKeywordMain.stepFailed(WebUIKeywordMain.groovy:64)
	at com.kms.katalon.core.webui.keyword.builtin.VerifyElementTextKeyword$_verifyElementText_closure1.doCall(VerifyElementTextKeyword.groovy:64)
	at com.kms.katalon.core.webui.keyword.builtin.VerifyElementTextKeyword$_verifyElementText_closure1.call(VerifyElementTextKeyword.groovy)
	at com.kms.katalon.core.webui.keyword.internal.WebUIKeywordMain.runKeyword(WebUIKeywordMain.groovy:20)
	... 19 more]]></system-out>
      <system-err><![CDATA[2021-12-22 17:05:36 - [TEST_SUITE][FAILED] - MU-test: Test Cases/Mapa uzytkownikow/MU5 FAILED.
Reason:
com.kms.katalon.core.exception.StepFailedException: Verify element text of test object 'Object Repository/Page_PSTO webMessenger - Zalogowano/h1_Agata Pazur' FAILED.
	at com.kms.katalon.core.webui.keyword.internal.WebUIKeywordMain.stepFailed(WebUIKeywordMain.groovy:64)
	at com.kms.katalon.core.webui.keyword.internal.WebUIKeywordMain.runKeyword(WebUIKeywordMain.groovy:26)
	at com.kms.katalon.core.webui.keyword.builtin.VerifyElementTextKeyword.verifyElementText(VerifyElementTextKeyword.groovy:72)
	at com.kms.katalon.core.webui.keyword.builtin.VerifyElementTextKeyword.execute(VerifyElementTextKeyword.groovy:40)
	at com.kms.katalon.core.keyword.internal.KeywordExecutor.executeKeywordForPlatform(KeywordExecutor.groovy:74)
	at com.kms.katalon.core.webui.keyword.WebUiBuiltInKeywords.verifyElementText(WebUiBuiltInKeywords.groovy:4749)
	at com.kms.katalon.core.webui.keyword.WebUiBuiltInKeywords$verifyElementText$8.call(Unknown Source)
	at MU5.run(MU5:37)
	at com.kms.katalon.core.main.ScriptEngine.run(ScriptEngine.java:194)
	at com.kms.katalon.core.main.ScriptEngine.runScriptAsRawText(ScriptEngine.java:119)
	at com.kms.katalon.core.main.TestCaseExecutor.runScript(TestCaseExecutor.java:442)
	at com.kms.katalon.core.main.TestCaseExecutor.doExecute(TestCaseExecutor.java:433)
	at com.kms.katalon.core.main.TestCaseExecutor.processExecutionPhase(TestCaseExecutor.java:412)
	at com.kms.katalon.core.main.TestCaseExecutor.accessMainPhase(TestCaseExecutor.java:404)
	at com.kms.katalon.core.main.TestCaseExecutor.execute(TestCaseExecutor.java:281)
	at com.kms.katalon.core.main.TestSuiteExecutor.accessTestCaseMainPhase(TestSuiteExecutor.java:202)
	at com.kms.katalon.core.main.TestSuiteExecutor.accessTestSuiteMainPhase(TestSuiteExecutor.java:164)
	at com.kms.katalon.core.main.TestSuiteExecutor.execute(TestSuiteExecutor.java:105)
	at com.kms.katalon.core.main.TestCaseMain.startTestSuite(TestCaseMain.java:181)
	at com.kms.katalon.core.main.TestCaseMain$startTestSuite$0.call(Unknown Source)
	at TempTestSuite1640189130906.run(TempTestSuite1640189130906.groovy:36)
Caused by: com.kms.katalon.core.exception.StepFailedException: com.kms.katalon.core.webui.exception.WebElementNotFoundException: Web element with id: 'Object Repository/Page_PSTO webMessenger - Zalogowano/h1_Agata Pazur' located by '//div[@id='mapDiv']/div/div/div[2]/div[2]/div/div[4]/div/div/div/div/div/div/h1' not found
	at com.kms.katalon.core.webui.keyword.internal.WebUIKeywordMain.stepFailed(WebUIKeywordMain.groovy:64)
	at com.kms.katalon.core.webui.keyword.builtin.VerifyElementTextKeyword$_verifyElementText_closure1.doCall(VerifyElementTextKeyword.groovy:64)
	at com.kms.katalon.core.webui.keyword.builtin.VerifyElementTextKeyword$_verifyElementText_closure1.call(VerifyElementTextKeyword.groovy)
	at com.kms.katalon.core.webui.keyword.internal.WebUIKeywordMain.runKeyword(WebUIKeywordMain.groovy:20)
	... 19 more]]></system-err>
   </testsuite>
</testsuites>
