<?xml version="1.0" encoding="UTF-8" standalone="no"?>
<!DOCTYPE log SYSTEM "logger.dtd">
<log>
<record>
  <date>2021-12-05T10:34:53</date>
  <millis>1638696893210</millis>
  <sequence>0</sequence>
  <level>START</level>
  <class>com.kms.katalon.core.logging.XmlKeywordLogger</class>
  <method>startSuite</method>
  <thread>1</thread>
  <message>Start Test Suite : Test Suites/R1</message>
  <nestedLevel>0</nestedLevel>
  <escapedJava>false</escapedJava>
  <property name="rerunTestFailImmediately">false</property>
  <property name="retryCount">0</property>
  <property name="name">R1</property>
  <property name="description"></property>
  <property name="id">Test Suites/R1</property>
</record>
<record>
  <date>2021-12-05T10:34:53</date>
  <millis>1638696893236</millis>
  <sequence>1</sequence>
  <level>RUN_DATA</level>
  <class>com.kms.katalon.core.logging.XmlKeywordLogger</class>
  <method>logMessage</method>
  <thread>1</thread>
  <message>hostName = agata - DESKTOP-KI9905I</message>
  <nestedLevel>0</nestedLevel>
  <escapedJava>false</escapedJava>
  <property name="hostName">agata - DESKTOP-KI9905I</property>
</record>
<record>
  <date>2021-12-05T10:34:53</date>
  <millis>1638696893239</millis>
  <sequence>2</sequence>
  <level>RUN_DATA</level>
  <class>com.kms.katalon.core.logging.XmlKeywordLogger</class>
  <method>logMessage</method>
  <thread>1</thread>
  <message>os = Windows 10 64bit</message>
  <nestedLevel>0</nestedLevel>
  <escapedJava>false</escapedJava>
  <property name="os">Windows 10 64bit</property>
</record>
<record>
  <date>2021-12-05T10:34:53</date>
  <millis>1638696893240</millis>
  <sequence>3</sequence>
  <level>RUN_DATA</level>
  <class>com.kms.katalon.core.logging.XmlKeywordLogger</class>
  <method>logMessage</method>
  <thread>1</thread>
  <message>hostAddress = 192.168.3.3</message>
  <nestedLevel>0</nestedLevel>
  <escapedJava>false</escapedJava>
  <property name="hostAddress">192.168.3.3</property>
</record>
<record>
  <date>2021-12-05T10:34:53</date>
  <millis>1638696893241</millis>
  <sequence>4</sequence>
  <level>RUN_DATA</level>
  <class>com.kms.katalon.core.logging.XmlKeywordLogger</class>
  <method>logMessage</method>
  <thread>1</thread>
  <message>katalonVersion = 8.2.0.208</message>
  <nestedLevel>0</nestedLevel>
  <escapedJava>false</escapedJava>
  <property name="katalonVersion">8.2.0.208</property>
</record>
<record>
  <date>2021-12-05T10:34:54</date>
  <millis>1638696894286</millis>
  <sequence>5</sequence>
  <level>START</level>
  <class>com.kms.katalon.core.logging.XmlKeywordLogger</class>
  <method>startTest</method>
  <thread>1</thread>
  <message>Start Test Case : Test Cases/Rejestracja/R1</message>
  <nestedLevel>1</nestedLevel>
  <escapedJava>false</escapedJava>
  <property name="name">Test Cases/Rejestracja/R1</property>
  <property name="description">Wpisanie hasła o poprawnej składni w pole HASŁO i POWTÓRZ HASŁO, NAZWA UŻYTKOWNIKA, IMIĘ, NAZWISKO</property>
  <property name="id">Test Cases/Rejestracja/R1</property>
  <property name="source">C:\Users\agata\git\PTSOWebKounikator\Test Cases\Rejestracja\R1.tc</property>
  <property name="tag">pozytywny</property>
  <property name="isOptional">false</property>
</record>
<record>
  <date>2021-12-05T10:34:54</date>
  <millis>1638696894394</millis>
  <sequence>7</sequence>
  <level>ERROR</level>
  <class>com.kms.katalon.core.logging.XmlKeywordLogger</class>
  <method>logMessage</method>
  <thread>1</thread>
  <message>Test Cases/Rejestracja/R1 has ERROR(s).
Reason:
org.codehaus.groovy.control.MultipleCompilationErrorsException: startup failed:
script1638696894317.groovy: 26: expecting &amp;apos;)&amp;apos;, found &amp;apos;użytkownika&amp;apos; @ line 26, column 115.
   o logowania_username&amp;apos;), nazwa użytkownik
                                 ^

1 error
</message>
  <nestedLevel>1</nestedLevel>
  <escapedJava>false</escapedJava>
  <property name="failed.exception.class">org.codehaus.groovy.control.MultipleCompilationErrorsException</property>
  <property name="failed.exception.stacktrace">org.codehaus.groovy.control.MultipleCompilationErrorsException: startup failed:
script1638696894317.groovy: 26: expecting &apos;)&apos;, found &apos;użytkownika&apos; @ line 26, column 115.
   o logowania_username&apos;), nazwa użytkownik
                                 ^

1 error

	at com.kms.katalon.core.main.TestCaseMethodNodeCollector.&lt;init&gt;(TestCaseMethodNodeCollector.java:43)
	at com.kms.katalon.core.main.TestCaseExecutor.processScriptPreparationPhase(TestCaseExecutor.java:180)
	at com.kms.katalon.core.main.TestCaseExecutor.execute(TestCaseExecutor.java:255)
	at com.kms.katalon.core.main.TestSuiteExecutor.accessTestCaseMainPhase(TestSuiteExecutor.java:202)
	at com.kms.katalon.core.main.TestSuiteExecutor.accessTestSuiteMainPhase(TestSuiteExecutor.java:164)
	at com.kms.katalon.core.main.TestSuiteExecutor.execute(TestSuiteExecutor.java:105)
	at com.kms.katalon.core.main.TestCaseMain.startTestSuite(TestCaseMain.java:181)
	at com.kms.katalon.core.main.TestCaseMain$startTestSuite$0.call(Unknown Source)
	at TempTestSuite1638696879184.run(TempTestSuite1638696879184.groovy:36)
</property>
  <property name="failed.exception.message">startup failed:
script1638696894317.groovy: 26: expecting &apos;)&apos;, found &apos;użytkownika&apos; @ line 26, column 115.
   o logowania_username&apos;), nazwa użytkownik
                                 ^

1 error
</property>
</record>
<record>
  <date>2021-12-05T10:34:54</date>
  <millis>1638696894397</millis>
  <sequence>8</sequence>
  <level>END</level>
  <class>com.kms.katalon.core.logging.XmlKeywordLogger</class>
  <method>endTest</method>
  <thread>1</thread>
  <message>End Test Case : Test Cases/Rejestracja/R1</message>
  <nestedLevel>0</nestedLevel>
  <escapedJava>false</escapedJava>
  <property name="executionBindingVariables">[]</property>
  <property name="keywordsUsage">{
  &quot;web_ui&quot;: false,
  &quot;web_service&quot;: false,
  &quot;cucumber&quot;: false,
  &quot;builtin&quot;: false,
  &quot;mobile&quot;: false,
  &quot;windows&quot;: false,
  &quot;testng&quot;: false
}</property>
</record>
<record>
  <date>2021-12-05T10:34:54</date>
  <millis>1638696894716</millis>
  <sequence>9</sequence>
  <level>START</level>
  <class>com.kms.katalon.core.logging.XmlKeywordLogger</class>
  <method>startTest</method>
  <thread>1</thread>
  <message>Start Test Case : Test Cases/Rejestracja/R1</message>
  <nestedLevel>1</nestedLevel>
  <escapedJava>false</escapedJava>
  <property name="name">Test Cases/Rejestracja/R1</property>
  <property name="description">Wpisanie hasła o poprawnej składni w pole HASŁO i POWTÓRZ HASŁO, NAZWA UŻYTKOWNIKA, IMIĘ, NAZWISKO</property>
  <property name="id">Test Cases/Rejestracja/R1</property>
  <property name="source">C:\Users\agata\git\PTSOWebKounikator\Test Cases\Rejestracja\R1.tc</property>
  <property name="tag">pozytywny</property>
  <property name="isOptional">false</property>
</record>
<record>
  <date>2021-12-05T10:34:54</date>
  <millis>1638696894746</millis>
  <sequence>11</sequence>
  <level>ERROR</level>
  <class>com.kms.katalon.core.logging.XmlKeywordLogger</class>
  <method>logMessage</method>
  <thread>1</thread>
  <message>Test Cases/Rejestracja/R1 has ERROR(s).
Reason:
org.codehaus.groovy.control.MultipleCompilationErrorsException: startup failed:
script1638696894722.groovy: 26: expecting &amp;apos;)&amp;apos;, found &amp;apos;użytkownika&amp;apos; @ line 26, column 115.
   o logowania_username&amp;apos;), nazwa użytkownik
                                 ^

1 error
</message>
  <nestedLevel>1</nestedLevel>
  <escapedJava>false</escapedJava>
  <property name="failed.exception.class">org.codehaus.groovy.control.MultipleCompilationErrorsException</property>
  <property name="failed.exception.stacktrace">org.codehaus.groovy.control.MultipleCompilationErrorsException: startup failed:
script1638696894722.groovy: 26: expecting &apos;)&apos;, found &apos;użytkownika&apos; @ line 26, column 115.
   o logowania_username&apos;), nazwa użytkownik
                                 ^

1 error

	at com.kms.katalon.core.main.TestCaseMethodNodeCollector.&lt;init&gt;(TestCaseMethodNodeCollector.java:43)
	at com.kms.katalon.core.main.TestCaseExecutor.processScriptPreparationPhase(TestCaseExecutor.java:180)
	at com.kms.katalon.core.main.TestCaseExecutor.execute(TestCaseExecutor.java:255)
	at com.kms.katalon.core.main.TestSuiteExecutor.accessTestCaseMainPhase(TestSuiteExecutor.java:202)
	at com.kms.katalon.core.main.TestSuiteExecutor.accessTestSuiteMainPhase(TestSuiteExecutor.java:164)
	at com.kms.katalon.core.main.TestSuiteExecutor.execute(TestSuiteExecutor.java:105)
	at com.kms.katalon.core.main.TestCaseMain.startTestSuite(TestCaseMain.java:181)
	at com.kms.katalon.core.main.TestCaseMain$startTestSuite$0.call(Unknown Source)
	at TempTestSuite1638696879184.run(TempTestSuite1638696879184.groovy:36)
</property>
  <property name="failed.exception.message">startup failed:
script1638696894722.groovy: 26: expecting &apos;)&apos;, found &apos;użytkownika&apos; @ line 26, column 115.
   o logowania_username&apos;), nazwa użytkownik
                                 ^

1 error
</property>
</record>
<record>
  <date>2021-12-05T10:34:54</date>
  <millis>1638696894757</millis>
  <sequence>12</sequence>
  <level>END</level>
  <class>com.kms.katalon.core.logging.XmlKeywordLogger</class>
  <method>endTest</method>
  <thread>1</thread>
  <message>End Test Case : Test Cases/Rejestracja/R1</message>
  <nestedLevel>0</nestedLevel>
  <escapedJava>false</escapedJava>
  <property name="executionBindingVariables">[]</property>
  <property name="keywordsUsage">{
  &quot;web_ui&quot;: false,
  &quot;web_service&quot;: false,
  &quot;cucumber&quot;: false,
  &quot;builtin&quot;: false,
  &quot;mobile&quot;: false,
  &quot;windows&quot;: false,
  &quot;testng&quot;: false
}</property>
</record>
<record>
  <date>2021-12-05T10:34:55</date>
  <millis>1638696895013</millis>
  <sequence>13</sequence>
  <level>START</level>
  <class>com.kms.katalon.core.logging.XmlKeywordLogger</class>
  <method>startTest</method>
  <thread>1</thread>
  <message>Start Test Case : Test Cases/Rejestracja/R1</message>
  <nestedLevel>1</nestedLevel>
  <escapedJava>false</escapedJava>
  <property name="name">Test Cases/Rejestracja/R1</property>
  <property name="description">Wpisanie hasła o poprawnej składni w pole HASŁO i POWTÓRZ HASŁO, NAZWA UŻYTKOWNIKA, IMIĘ, NAZWISKO</property>
  <property name="id">Test Cases/Rejestracja/R1</property>
  <property name="source">C:\Users\agata\git\PTSOWebKounikator\Test Cases\Rejestracja\R1.tc</property>
  <property name="tag">pozytywny</property>
  <property name="isOptional">false</property>
</record>
<record>
  <date>2021-12-05T10:34:55</date>
  <millis>1638696895068</millis>
  <sequence>15</sequence>
  <level>ERROR</level>
  <class>com.kms.katalon.core.logging.XmlKeywordLogger</class>
  <method>logMessage</method>
  <thread>1</thread>
  <message>Test Cases/Rejestracja/R1 has ERROR(s).
Reason:
org.codehaus.groovy.control.MultipleCompilationErrorsException: startup failed:
script1638696895018.groovy: 26: expecting &amp;apos;)&amp;apos;, found &amp;apos;użytkownika&amp;apos; @ line 26, column 115.
   o logowania_username&amp;apos;), nazwa użytkownik
                                 ^

1 error
</message>
  <nestedLevel>1</nestedLevel>
  <escapedJava>false</escapedJava>
  <property name="failed.exception.class">org.codehaus.groovy.control.MultipleCompilationErrorsException</property>
  <property name="failed.exception.stacktrace">org.codehaus.groovy.control.MultipleCompilationErrorsException: startup failed:
script1638696895018.groovy: 26: expecting &apos;)&apos;, found &apos;użytkownika&apos; @ line 26, column 115.
   o logowania_username&apos;), nazwa użytkownik
                                 ^

1 error

	at com.kms.katalon.core.main.TestCaseMethodNodeCollector.&lt;init&gt;(TestCaseMethodNodeCollector.java:43)
	at com.kms.katalon.core.main.TestCaseExecutor.processScriptPreparationPhase(TestCaseExecutor.java:180)
	at com.kms.katalon.core.main.TestCaseExecutor.execute(TestCaseExecutor.java:255)
	at com.kms.katalon.core.main.TestSuiteExecutor.accessTestCaseMainPhase(TestSuiteExecutor.java:202)
	at com.kms.katalon.core.main.TestSuiteExecutor.accessTestSuiteMainPhase(TestSuiteExecutor.java:164)
	at com.kms.katalon.core.main.TestSuiteExecutor.execute(TestSuiteExecutor.java:105)
	at com.kms.katalon.core.main.TestCaseMain.startTestSuite(TestCaseMain.java:181)
	at com.kms.katalon.core.main.TestCaseMain$startTestSuite$0.call(Unknown Source)
	at TempTestSuite1638696879184.run(TempTestSuite1638696879184.groovy:36)
</property>
  <property name="failed.exception.message">startup failed:
script1638696895018.groovy: 26: expecting &apos;)&apos;, found &apos;użytkownika&apos; @ line 26, column 115.
   o logowania_username&apos;), nazwa użytkownik
                                 ^

1 error
</property>
</record>
<record>
  <date>2021-12-05T10:34:55</date>
  <millis>1638696895085</millis>
  <sequence>16</sequence>
  <level>END</level>
  <class>com.kms.katalon.core.logging.XmlKeywordLogger</class>
  <method>endTest</method>
  <thread>1</thread>
  <message>End Test Case : Test Cases/Rejestracja/R1</message>
  <nestedLevel>0</nestedLevel>
  <escapedJava>false</escapedJava>
  <property name="executionBindingVariables">[]</property>
  <property name="keywordsUsage">{
  &quot;web_ui&quot;: false,
  &quot;web_service&quot;: false,
  &quot;cucumber&quot;: false,
  &quot;builtin&quot;: false,
  &quot;mobile&quot;: false,
  &quot;windows&quot;: false,
  &quot;testng&quot;: false
}</property>
</record>
<record>
  <date>2021-12-05T10:34:55</date>
  <millis>1638696895348</millis>
  <sequence>17</sequence>
  <level>START</level>
  <class>com.kms.katalon.core.logging.XmlKeywordLogger</class>
  <method>startTest</method>
  <thread>1</thread>
  <message>Start Test Case : Test Cases/Rejestracja/R1</message>
  <nestedLevel>1</nestedLevel>
  <escapedJava>false</escapedJava>
  <property name="name">Test Cases/Rejestracja/R1</property>
  <property name="description">Wpisanie hasła o poprawnej składni w pole HASŁO i POWTÓRZ HASŁO, NAZWA UŻYTKOWNIKA, IMIĘ, NAZWISKO</property>
  <property name="id">Test Cases/Rejestracja/R1</property>
  <property name="source">C:\Users\agata\git\PTSOWebKounikator\Test Cases\Rejestracja\R1.tc</property>
  <property name="tag">pozytywny</property>
  <property name="isOptional">false</property>
</record>
<record>
  <date>2021-12-05T10:34:55</date>
  <millis>1638696895362</millis>
  <sequence>19</sequence>
  <level>ERROR</level>
  <class>com.kms.katalon.core.logging.XmlKeywordLogger</class>
  <method>logMessage</method>
  <thread>1</thread>
  <message>Test Cases/Rejestracja/R1 has ERROR(s).
Reason:
org.codehaus.groovy.control.MultipleCompilationErrorsException: startup failed:
script1638696895352.groovy: 26: expecting &amp;apos;)&amp;apos;, found &amp;apos;użytkownika&amp;apos; @ line 26, column 115.
   o logowania_username&amp;apos;), nazwa użytkownik
                                 ^

1 error
</message>
  <nestedLevel>1</nestedLevel>
  <escapedJava>false</escapedJava>
  <property name="failed.exception.class">org.codehaus.groovy.control.MultipleCompilationErrorsException</property>
  <property name="failed.exception.stacktrace">org.codehaus.groovy.control.MultipleCompilationErrorsException: startup failed:
script1638696895352.groovy: 26: expecting &apos;)&apos;, found &apos;użytkownika&apos; @ line 26, column 115.
   o logowania_username&apos;), nazwa użytkownik
                                 ^

1 error

	at com.kms.katalon.core.main.TestCaseMethodNodeCollector.&lt;init&gt;(TestCaseMethodNodeCollector.java:43)
	at com.kms.katalon.core.main.TestCaseExecutor.processScriptPreparationPhase(TestCaseExecutor.java:180)
	at com.kms.katalon.core.main.TestCaseExecutor.execute(TestCaseExecutor.java:255)
	at com.kms.katalon.core.main.TestSuiteExecutor.accessTestCaseMainPhase(TestSuiteExecutor.java:202)
	at com.kms.katalon.core.main.TestSuiteExecutor.accessTestSuiteMainPhase(TestSuiteExecutor.java:164)
	at com.kms.katalon.core.main.TestSuiteExecutor.execute(TestSuiteExecutor.java:105)
	at com.kms.katalon.core.main.TestCaseMain.startTestSuite(TestCaseMain.java:181)
	at com.kms.katalon.core.main.TestCaseMain$startTestSuite$0.call(Unknown Source)
	at TempTestSuite1638696879184.run(TempTestSuite1638696879184.groovy:36)
</property>
  <property name="failed.exception.message">startup failed:
script1638696895352.groovy: 26: expecting &apos;)&apos;, found &apos;użytkownika&apos; @ line 26, column 115.
   o logowania_username&apos;), nazwa użytkownik
                                 ^

1 error
</property>
</record>
<record>
  <date>2021-12-05T10:34:55</date>
  <millis>1638696895370</millis>
  <sequence>20</sequence>
  <level>END</level>
  <class>com.kms.katalon.core.logging.XmlKeywordLogger</class>
  <method>endTest</method>
  <thread>1</thread>
  <message>End Test Case : Test Cases/Rejestracja/R1</message>
  <nestedLevel>0</nestedLevel>
  <escapedJava>false</escapedJava>
  <property name="executionBindingVariables">[]</property>
  <property name="keywordsUsage">{
  &quot;web_ui&quot;: false,
  &quot;web_service&quot;: false,
  &quot;cucumber&quot;: false,
  &quot;builtin&quot;: false,
  &quot;mobile&quot;: false,
  &quot;windows&quot;: false,
  &quot;testng&quot;: false
}</property>
</record>
<record>
  <date>2021-12-05T10:34:55</date>
  <millis>1638696895598</millis>
  <sequence>21</sequence>
  <level>START</level>
  <class>com.kms.katalon.core.logging.XmlKeywordLogger</class>
  <method>startTest</method>
  <thread>1</thread>
  <message>Start Test Case : Test Cases/Rejestracja/R1</message>
  <nestedLevel>1</nestedLevel>
  <escapedJava>false</escapedJava>
  <property name="name">Test Cases/Rejestracja/R1</property>
  <property name="description">Wpisanie hasła o poprawnej składni w pole HASŁO i POWTÓRZ HASŁO, NAZWA UŻYTKOWNIKA, IMIĘ, NAZWISKO</property>
  <property name="id">Test Cases/Rejestracja/R1</property>
  <property name="source">C:\Users\agata\git\PTSOWebKounikator\Test Cases\Rejestracja\R1.tc</property>
  <property name="tag">pozytywny</property>
  <property name="isOptional">false</property>
</record>
<record>
  <date>2021-12-05T10:34:55</date>
  <millis>1638696895608</millis>
  <sequence>23</sequence>
  <level>ERROR</level>
  <class>com.kms.katalon.core.logging.XmlKeywordLogger</class>
  <method>logMessage</method>
  <thread>1</thread>
  <message>Test Cases/Rejestracja/R1 has ERROR(s).
Reason:
org.codehaus.groovy.control.MultipleCompilationErrorsException: startup failed:
script1638696895600.groovy: 26: expecting &amp;apos;)&amp;apos;, found &amp;apos;użytkownika&amp;apos; @ line 26, column 115.
   o logowania_username&amp;apos;), nazwa użytkownik
                                 ^

1 error
</message>
  <nestedLevel>1</nestedLevel>
  <escapedJava>false</escapedJava>
  <property name="failed.exception.class">org.codehaus.groovy.control.MultipleCompilationErrorsException</property>
  <property name="failed.exception.stacktrace">org.codehaus.groovy.control.MultipleCompilationErrorsException: startup failed:
script1638696895600.groovy: 26: expecting &apos;)&apos;, found &apos;użytkownika&apos; @ line 26, column 115.
   o logowania_username&apos;), nazwa użytkownik
                                 ^

1 error

	at com.kms.katalon.core.main.TestCaseMethodNodeCollector.&lt;init&gt;(TestCaseMethodNodeCollector.java:43)
	at com.kms.katalon.core.main.TestCaseExecutor.processScriptPreparationPhase(TestCaseExecutor.java:180)
	at com.kms.katalon.core.main.TestCaseExecutor.execute(TestCaseExecutor.java:255)
	at com.kms.katalon.core.main.TestSuiteExecutor.accessTestCaseMainPhase(TestSuiteExecutor.java:202)
	at com.kms.katalon.core.main.TestSuiteExecutor.accessTestSuiteMainPhase(TestSuiteExecutor.java:164)
	at com.kms.katalon.core.main.TestSuiteExecutor.execute(TestSuiteExecutor.java:105)
	at com.kms.katalon.core.main.TestCaseMain.startTestSuite(TestCaseMain.java:181)
	at com.kms.katalon.core.main.TestCaseMain$startTestSuite$0.call(Unknown Source)
	at TempTestSuite1638696879184.run(TempTestSuite1638696879184.groovy:36)
</property>
  <property name="failed.exception.message">startup failed:
script1638696895600.groovy: 26: expecting &apos;)&apos;, found &apos;użytkownika&apos; @ line 26, column 115.
   o logowania_username&apos;), nazwa użytkownik
                                 ^

1 error
</property>
</record>
<record>
  <date>2021-12-05T10:34:55</date>
  <millis>1638696895612</millis>
  <sequence>24</sequence>
  <level>END</level>
  <class>com.kms.katalon.core.logging.XmlKeywordLogger</class>
  <method>endTest</method>
  <thread>1</thread>
  <message>End Test Case : Test Cases/Rejestracja/R1</message>
  <nestedLevel>0</nestedLevel>
  <escapedJava>false</escapedJava>
  <property name="executionBindingVariables">[]</property>
  <property name="keywordsUsage">{
  &quot;web_ui&quot;: false,
  &quot;web_service&quot;: false,
  &quot;cucumber&quot;: false,
  &quot;builtin&quot;: false,
  &quot;mobile&quot;: false,
  &quot;windows&quot;: false,
  &quot;testng&quot;: false
}</property>
</record>
<record>
  <date>2021-12-05T10:34:55</date>
  <millis>1638696895612</millis>
  <sequence>25</sequence>
  <level>START</level>
  <class>com.kms.katalon.core.logging.XmlKeywordLogger</class>
  <method>startKeyword</method>
  <thread>1</thread>
  <message>Start listener action : exportKatalonReports</message>
  <nestedLevel>0</nestedLevel>
  <escapedJava>false</escapedJava>
</record>
<record>
  <date>2021-12-05T10:34:56</date>
  <millis>1638696896264</millis>
  <sequence>69</sequence>
  <level>INFO</level>
  <class>com.kms.katalon.core.logging.XmlKeywordLogger</class>
  <method>logMessage</method>
  <thread>1</thread>
  <message>Start generating HTML report folder at: C:\Users\agata\git\PTSOWebKounikator\Reports\20211205_103439\R1\20211205_103439...</message>
  <nestedLevel>0</nestedLevel>
  <escapedJava>false</escapedJava>
</record>
<record>
  <date>2021-12-05T10:34:56</date>
  <millis>1638696896317</millis>
  <sequence>70</sequence>
  <level>INFO</level>
  <class>com.kms.katalon.core.logging.XmlKeywordLogger</class>
  <method>logMessage</method>
  <thread>1</thread>
  <message>HTML report generated</message>
  <nestedLevel>0</nestedLevel>
  <escapedJava>false</escapedJava>
</record>
<record>
  <date>2021-12-05T10:34:56</date>
  <millis>1638696896319</millis>
  <sequence>71</sequence>
  <level>INFO</level>
  <class>com.kms.katalon.core.logging.XmlKeywordLogger</class>
  <method>logMessage</method>
  <thread>1</thread>
  <message>Start generating CSV report folder at: C:\Users\agata\git\PTSOWebKounikator\Reports\20211205_103439\R1\20211205_103439...</message>
  <nestedLevel>0</nestedLevel>
  <escapedJava>false</escapedJava>
</record>
<record>
  <date>2021-12-05T10:34:56</date>
  <millis>1638696896404</millis>
  <sequence>72</sequence>
  <level>INFO</level>
  <class>com.kms.katalon.core.logging.XmlKeywordLogger</class>
  <method>logMessage</method>
  <thread>1</thread>
  <message>CSV report generated</message>
  <nestedLevel>0</nestedLevel>
  <escapedJava>false</escapedJava>
</record>
<record>
  <date>2021-12-05T10:34:56</date>
  <millis>1638696896938</millis>
  <sequence>74</sequence>
  <level>END</level>
  <class>com.kms.katalon.core.logging.XmlKeywordLogger</class>
  <method>endKeyword</method>
  <thread>1</thread>
  <message>End listener action : exportKatalonReports</message>
  <nestedLevel>0</nestedLevel>
  <escapedJava>false</escapedJava>
</record>
<record>
  <date>2021-12-05T10:34:57</date>
  <millis>1638696897093</millis>
  <sequence>75</sequence>
  <level>END</level>
  <class>com.kms.katalon.core.logging.XmlKeywordLogger</class>
  <method>endSuite</method>
  <thread>1</thread>
  <message>End Test Suite : Test Suites/R1</message>
  <nestedLevel>0</nestedLevel>
  <escapedJava>false</escapedJava>
</record>
</log>
