<?xml version="1.0" encoding="UTF-8"?>
<testsuites name="R1" time="2.402" tests="5" failures="0" errors="5">
   <testsuite name="R1" tests="5" failures="0" errors="5" time="2.402" skipped="0" timestamp="2021-12-05 10:34:53" hostname="agata - DESKTOP-KI9905I" id="Test Suites/R1">
      <properties>
         <property name="deviceName" value=""/>
         <property name="devicePlatform" value=""/>
         <property name="logFolder" value="C:\\Users\\agata\\git\\PTSOWebKounikator\\Reports\\20211205_103439\\R1\\20211205_103439"/>
         <property name="logFiles" value="C:\\Users\\agata\\git\\PTSOWebKounikator\\Reports\\20211205_103439\\R1\\20211205_103439\\execution0.log"/>
         <property name="attachments" value=""/>
         <property name="hostName" value="agata - DESKTOP-KI9905I"/>
         <property name="hostAddress" value="192.168.3.3"/>
         <property name="os" value="Windows 10 64bit"/>
         <property name="katalonVersion" value="8.2.0.208"/>
      </properties>
      <testcase name="Test Cases/Rejestracja/R1" time="0.111" classname="Test Cases/Rejestracja/R1" status="ERROR">
         <error type="ERROR" message="Test Cases/Rejestracja/R1 has ERROR(s).
Reason:
org.codehaus.groovy.control.MultipleCompilationErrorsException: startup failed:
script1638696894317.groovy: 26: expecting ')', found 'użytkownika' @ line 26, column 115.
   o logowania_username'), nazwa użytkownik
                                 ^

1 error
"/>
         <system-out><![CDATA[2021-12-05 10:34:54 - [TEST_CASE][ERROR] - Test Cases/Rejestracja/R1: Test Cases/Rejestracja/R1 has ERROR(s).
Reason:
org.codehaus.groovy.control.MultipleCompilationErrorsException: startup failed:
script1638696894317.groovy: 26: expecting ')', found 'użytkownika' @ line 26, column 115.
   o logowania_username'), nazwa użytkownik
                                 ^

1 error]]></system-out>
         <system-err><![CDATA[2021-12-05 10:34:54 - [TEST_CASE][ERROR] - Test Cases/Rejestracja/R1: Test Cases/Rejestracja/R1 has ERROR(s).
Reason:
org.codehaus.groovy.control.MultipleCompilationErrorsException: startup failed:
script1638696894317.groovy: 26: expecting ')', found 'użytkownika' @ line 26, column 115.
   o logowania_username'), nazwa użytkownik
                                 ^

1 error]]></system-err>
      </testcase>
      <testcase name="Test Cases/Rejestracja/R1" time="0.041" classname="Test Cases/Rejestracja/R1" status="ERROR">
         <error type="ERROR" message="Test Cases/Rejestracja/R1 has ERROR(s).
Reason:
org.codehaus.groovy.control.MultipleCompilationErrorsException: startup failed:
script1638696894722.groovy: 26: expecting ')', found 'użytkownika' @ line 26, column 115.
   o logowania_username'), nazwa użytkownik
                                 ^

1 error
"/>
         <system-out><![CDATA[2021-12-05 10:34:54 - [TEST_CASE][ERROR] - Test Cases/Rejestracja/R1: Test Cases/Rejestracja/R1 has ERROR(s).
Reason:
org.codehaus.groovy.control.MultipleCompilationErrorsException: startup failed:
script1638696894722.groovy: 26: expecting ')', found 'użytkownika' @ line 26, column 115.
   o logowania_username'), nazwa użytkownik
                                 ^

1 error]]></system-out>
         <system-err><![CDATA[2021-12-05 10:34:54 - [TEST_CASE][ERROR] - Test Cases/Rejestracja/R1: Test Cases/Rejestracja/R1 has ERROR(s).
Reason:
org.codehaus.groovy.control.MultipleCompilationErrorsException: startup failed:
script1638696894722.groovy: 26: expecting ')', found 'użytkownika' @ line 26, column 115.
   o logowania_username'), nazwa użytkownik
                                 ^

1 error]]></system-err>
      </testcase>
      <testcase name="Test Cases/Rejestracja/R1" time="0.072" classname="Test Cases/Rejestracja/R1" status="ERROR">
         <error type="ERROR" message="Test Cases/Rejestracja/R1 has ERROR(s).
Reason:
org.codehaus.groovy.control.MultipleCompilationErrorsException: startup failed:
script1638696895018.groovy: 26: expecting ')', found 'użytkownika' @ line 26, column 115.
   o logowania_username'), nazwa użytkownik
                                 ^

1 error
"/>
         <system-out><![CDATA[2021-12-05 10:34:55 - [TEST_CASE][ERROR] - Test Cases/Rejestracja/R1: Test Cases/Rejestracja/R1 has ERROR(s).
Reason:
org.codehaus.groovy.control.MultipleCompilationErrorsException: startup failed:
script1638696895018.groovy: 26: expecting ')', found 'użytkownika' @ line 26, column 115.
   o logowania_username'), nazwa użytkownik
                                 ^

1 error]]></system-out>
         <system-err><![CDATA[2021-12-05 10:34:55 - [TEST_CASE][ERROR] - Test Cases/Rejestracja/R1: Test Cases/Rejestracja/R1 has ERROR(s).
Reason:
org.codehaus.groovy.control.MultipleCompilationErrorsException: startup failed:
script1638696895018.groovy: 26: expecting ')', found 'użytkownika' @ line 26, column 115.
   o logowania_username'), nazwa użytkownik
                                 ^

1 error]]></system-err>
      </testcase>
      <testcase name="Test Cases/Rejestracja/R1" time="0.022" classname="Test Cases/Rejestracja/R1" status="ERROR">
         <error type="ERROR" message="Test Cases/Rejestracja/R1 has ERROR(s).
Reason:
org.codehaus.groovy.control.MultipleCompilationErrorsException: startup failed:
script1638696895352.groovy: 26: expecting ')', found 'użytkownika' @ line 26, column 115.
   o logowania_username'), nazwa użytkownik
                                 ^

1 error
"/>
         <system-out><![CDATA[2021-12-05 10:34:55 - [TEST_CASE][ERROR] - Test Cases/Rejestracja/R1: Test Cases/Rejestracja/R1 has ERROR(s).
Reason:
org.codehaus.groovy.control.MultipleCompilationErrorsException: startup failed:
script1638696895352.groovy: 26: expecting ')', found 'użytkownika' @ line 26, column 115.
   o logowania_username'), nazwa użytkownik
                                 ^

1 error]]></system-out>
         <system-err><![CDATA[2021-12-05 10:34:55 - [TEST_CASE][ERROR] - Test Cases/Rejestracja/R1: Test Cases/Rejestracja/R1 has ERROR(s).
Reason:
org.codehaus.groovy.control.MultipleCompilationErrorsException: startup failed:
script1638696895352.groovy: 26: expecting ')', found 'użytkownika' @ line 26, column 115.
   o logowania_username'), nazwa użytkownik
                                 ^

1 error]]></system-err>
      </testcase>
      <testcase name="Test Cases/Rejestracja/R1" time="0.014" classname="Test Cases/Rejestracja/R1" status="ERROR">
         <error type="ERROR" message="Test Cases/Rejestracja/R1 has ERROR(s).
Reason:
org.codehaus.groovy.control.MultipleCompilationErrorsException: startup failed:
script1638696895600.groovy: 26: expecting ')', found 'użytkownika' @ line 26, column 115.
   o logowania_username'), nazwa użytkownik
                                 ^

1 error
"/>
         <system-out><![CDATA[2021-12-05 10:34:55 - [TEST_CASE][ERROR] - Test Cases/Rejestracja/R1: Test Cases/Rejestracja/R1 has ERROR(s).
Reason:
org.codehaus.groovy.control.MultipleCompilationErrorsException: startup failed:
script1638696895600.groovy: 26: expecting ')', found 'użytkownika' @ line 26, column 115.
   o logowania_username'), nazwa użytkownik
                                 ^

1 error]]></system-out>
         <system-err><![CDATA[2021-12-05 10:34:55 - [TEST_CASE][ERROR] - Test Cases/Rejestracja/R1: Test Cases/Rejestracja/R1 has ERROR(s).
Reason:
org.codehaus.groovy.control.MultipleCompilationErrorsException: startup failed:
script1638696895600.groovy: 26: expecting ')', found 'użytkownika' @ line 26, column 115.
   o logowania_username'), nazwa użytkownik
                                 ^

1 error]]></system-err>
      </testcase>
      <system-out><![CDATA[2021-12-05 10:34:53 - [TEST_SUITE][ERROR] - R1: Test Cases/Rejestracja/R1 has ERROR(s).
Reason:
org.codehaus.groovy.control.MultipleCompilationErrorsException: startup failed:
script1638696894317.groovy: 26: expecting ')', found 'użytkownika' @ line 26, column 115.
   o logowania_username'), nazwa użytkownik
                                 ^

1 error]]></system-out>
      <system-err><![CDATA[2021-12-05 10:34:53 - [TEST_SUITE][ERROR] - R1: Test Cases/Rejestracja/R1 has ERROR(s).
Reason:
org.codehaus.groovy.control.MultipleCompilationErrorsException: startup failed:
script1638696894317.groovy: 26: expecting ')', found 'użytkownika' @ line 26, column 115.
   o logowania_username'), nazwa użytkownik
                                 ^

1 error]]></system-err>
   </testsuite>
</testsuites>
